app/build/intermediates/manifest_merge_blame_file/debug/manifest-merger-blame-debug-report.txt
1<?xml version="1.0" encoding="utf-8"?>
2<manifest xmlns:android="http://schemas.android.com/apk/res/android"
3    package="com.sktelecom.tmapopenmapapi.sample"
4    android:versionCode="1"
5    android:versionName="1.0" >
6
7    <uses-sdk
8        android:minSdkVersion="8"
8-->src\main\AndroidManifest.xml
9        android:targetSdkVersion="28" />
9-->src\main\AndroidManifest.xml
10
11    <uses-permission android:name="android.permission.INTERNET" />
11-->src\main\AndroidManifest.xml:6:5-83
11-->src\main\AndroidManifest.xml:6:22-64
12    <uses-permission android:name="android.permission.ACCESS_NETWORK_STATE" />
12-->src\main\AndroidManifest.xml:7:2-92
12-->src\main\AndroidManifest.xml:7:19-73
13    <uses-permission android:name="android.permission.WRITE_OWNER_DATA" />
13-->src\main\AndroidManifest.xml:8:2-88
13-->src\main\AndroidManifest.xml:8:19-69
14    <uses-permission android:name="android.permission.READ_OWNER_DATA" />
14-->src\main\AndroidManifest.xml:9:2-87
14-->src\main\AndroidManifest.xml:9:19-68
15    <uses-permission android:name="android.permission.ACCESS_FINE_LOCATION" />
15-->src\main\AndroidManifest.xml:10:2-92
15-->src\main\AndroidManifest.xml:10:19-73
16    <uses-permission android:name="android.permission.WRITE_EXTERNAL_STORAGE" />
16-->src\main\AndroidManifest.xml:11:2-94
16-->src\main\AndroidManifest.xml:11:19-75
17
18    <application
18-->src\main\AndroidManifest.xml:13:5-27:19
19        android:debuggable="true"
20        android:icon="@drawable/icon"
20-->src\main\AndroidManifest.xml:14:9-38
21        android:label="@string/app_name"
21-->src\main\AndroidManifest.xml:15:9-41
22        android:testOnly="true" >
23        <activity
23-->src\main\AndroidManifest.xml:16:9-26:20
24            android:name="com.sktelecom.tmapopenmapapi.sample.MainActivity"
24-->src\main\AndroidManifest.xml:20:13-41
25            android:configChanges="keyboardHidden|orientation"
25-->src\main\AndroidManifest.xml:18:13-63
26            android:label="@string/app_name"
26-->src\main\AndroidManifest.xml:17:13-45
27            android:theme="@android:style/Theme.NoTitleBar" >
27-->src\main\AndroidManifest.xml:19:13-60
28            <intent-filter>
28-->src\main\AndroidManifest.xml:21:13-25:29
29                <action android:name="android.intent.action.MAIN" />
29-->src\main\AndroidManifest.xml:22:17-69
29-->src\main\AndroidManifest.xml:22:25-66
30
31                <category android:name="android.intent.category.LAUNCHER" />
31-->src\main\AndroidManifest.xml:24:17-77
31-->src\main\AndroidManifest.xml:24:27-74
32            </intent-filter>
33        </activity>
34    </application>
35
36</manifest>